[INFO  Пн 12 янв 2026 16:49:36] ...zy/mason.nvim/lua/mason-core/installer/InstallRunner.lua:40: Executing installer for Package(name=tree-sitter-cli) {
  debug = false,
  force = false,
  strict = false
}
[INFO  Пн 12 янв 2026 16:49:37] ...zy/mason.nvim/lua/mason-core/installer/InstallRunner.lua:40: Executing installer for Package(name=stylua) {
  debug = false,
  force = false,
  strict = false
}
[INFO  Пн 12 янв 2026 16:49:37] ...zy/mason.nvim/lua/mason-core/installer/InstallRunner.lua:40: Executing installer for Package(name=shfmt) {
  debug = false,
  force = false,
  strict = false
}
[INFO  Пн 12 янв 2026 16:49:38] ...zy/mason.nvim/lua/mason-core/installer/InstallRunner.lua:86: Installation succeeded for Package(name=shfmt)
[ERROR Пн 12 янв 2026 16:49:38] ...al/share/nvim/lazy/mason.nvim/lua/mason-core/process.lua:226: Failed to spawn process. cmd="unzip", err="ENOENT: no such file or directory"
[ERROR Пн 12 янв 2026 16:49:38] ...zy/mason.nvim/lua/mason-core/installer/InstallRunner.lua:93: Installation failed for Package(name=stylua) error=spawn: unzip failed with exit code - and signal -. Could not find executable "unzip" in PATH.

[INFO  Пн 12 янв 2026 16:49:38] ...zy/mason.nvim/lua/mason-core/installer/InstallRunner.lua:86: Installation succeeded for Package(name=tree-sitter-cli)
[INFO  Пн 12 янв 2026 17:28:34] ...zy/mason.nvim/lua/mason-core/installer/InstallRunner.lua:40: Executing installer for Package(name=stylua) {
  debug = false,
  force = false,
  strict = false
}
[INFO  Пн 12 янв 2026 17:28:35] ...zy/mason.nvim/lua/mason-core/installer/InstallRunner.lua:40: Executing installer for Package(name=lua-language-server) {
  debug = false,
  force = false,
  strict = false
}
[INFO  Пн 12 янв 2026 17:28:38] ...zy/mason.nvim/lua/mason-core/installer/InstallRunner.lua:86: Installation succeeded for Package(name=stylua)
[INFO  Пн 12 янв 2026 17:28:38] ...zy/mason.nvim/lua/mason-core/installer/InstallRunner.lua:86: Installation succeeded for Package(name=lua-language-server)
